2019-08-04 08:23:11.599  INFO 13596 --- [main] l.m.community.CommunityApplication       : Starting CommunityApplication on LAPTOP-F3ASUVG2 with PID 13596 (started by asus in D:\idea projects\communityspring)
2019-08-04 08:23:11.601  INFO 13596 --- [main] l.m.community.CommunityApplication       : No active profile set, falling back to default profiles: default
2019-08-04 08:23:13.664  INFO 13596 --- [main] o.s.b.w.embedded.tomcat.TomcatWebServer  : Tomcat initialized with port(s): 8887 (http)
2019-08-04 08:23:13.685  INFO 13596 --- [main] o.apache.catalina.core.StandardService   : Starting service [Tomcat]
2019-08-04 08:23:13.686  INFO 13596 --- [main] org.apache.catalina.core.StandardEngine  : Starting Servlet engine: [Apache Tomcat/9.0.21]
2019-08-04 08:23:13.802  INFO 13596 --- [main] o.a.c.c.C.[Tomcat].[localhost].[/]       : Initializing Spring embedded WebApplicationContext
2019-08-04 08:23:13.802  INFO 13596 --- [main] o.s.web.context.ContextLoader            : Root WebApplicationContext: initialization completed in 2162 ms
2019-08-04 08:23:13.971  INFO 13596 --- [main] o.s.s.concurrent.ThreadPoolTaskExecutor  : Initializing ExecutorService 'applicationTaskExecutor'
2019-08-04 08:23:14.160  INFO 13596 --- [main] o.s.b.a.w.s.WelcomePageHandlerMapping    : Adding welcome page template: index
2019-08-04 08:23:14.240  INFO 13596 --- [main] o.s.b.w.embedded.tomcat.TomcatWebServer  : Tomcat started on port(s): 8887 (http) with context path ''
2019-08-04 08:23:14.242  INFO 13596 --- [main] l.m.community.CommunityApplication       : Started CommunityApplication in 3.2 seconds (JVM running for 3.829)
2019-08-04 08:23:21.875  INFO 13596 --- [http-nio-8887-exec-1] o.a.c.c.C.[Tomcat].[localhost].[/]       : Initializing Spring DispatcherServlet 'dispatcherServlet'
2019-08-04 08:23:21.875  INFO 13596 --- [http-nio-8887-exec-1] o.s.web.servlet.DispatcherServlet        : Initializing Servlet 'dispatcherServlet'
2019-08-04 08:23:21.879  INFO 13596 --- [http-nio-8887-exec-1] o.s.web.servlet.DispatcherServlet        : Completed initialization in 4 ms
2019-08-04 08:27:50.114  INFO 10436 --- [main] l.m.community.CommunityApplication       : Starting CommunityApplication on LAPTOP-F3ASUVG2 with PID 10436 (started by asus in D:\idea projects\communityspring)
2019-08-04 08:27:50.115  INFO 10436 --- [main] l.m.community.CommunityApplication       : No active profile set, falling back to default profiles: default
2019-08-04 08:27:51.052  INFO 10436 --- [main] o.s.b.w.embedded.tomcat.TomcatWebServer  : Tomcat initialized with port(s): 8887 (http)
2019-08-04 08:27:51.074  INFO 10436 --- [main] o.apache.catalina.core.StandardService   : Starting service [Tomcat]
2019-08-04 08:27:51.074  INFO 10436 --- [main] org.apache.catalina.core.StandardEngine  : Starting Servlet engine: [Apache Tomcat/9.0.21]
2019-08-04 08:27:51.139  INFO 10436 --- [main] o.a.c.c.C.[Tomcat].[localhost].[/]       : Initializing Spring embedded WebApplicationContext
2019-08-04 08:27:51.140  INFO 10436 --- [main] o.s.web.context.ContextLoader            : Root WebApplicationContext: initialization completed in 1004 ms
2019-08-04 08:27:51.254  INFO 10436 --- [main] o.s.s.concurrent.ThreadPoolTaskExecutor  : Initializing ExecutorService 'applicationTaskExecutor'
2019-08-04 08:27:51.327  INFO 10436 --- [main] o.s.b.a.w.s.WelcomePageHandlerMapping    : Adding welcome page template: index
2019-08-04 08:27:51.383  INFO 10436 --- [main] o.s.b.w.embedded.tomcat.TomcatWebServer  : Tomcat started on port(s): 8887 (http) with context path ''
2019-08-04 08:27:51.386  INFO 10436 --- [main] l.m.community.CommunityApplication       : Started CommunityApplication in 1.515 seconds (JVM running for 1.819)
2019-08-04 08:27:57.288  INFO 10436 --- [http-nio-8887-exec-2] o.a.c.c.C.[Tomcat].[localhost].[/]       : Initializing Spring DispatcherServlet 'dispatcherServlet'
2019-08-04 08:27:57.288  INFO 10436 --- [http-nio-8887-exec-2] o.s.web.servlet.DispatcherServlet        : Initializing Servlet 'dispatcherServlet'
2019-08-04 08:27:57.291  INFO 10436 --- [http-nio-8887-exec-2] o.s.web.servlet.DispatcherServlet        : Completed initialization in 3 ms
2019-08-04 08:28:44.193  INFO 19568 --- [main] l.m.community.CommunityApplication       : Starting CommunityApplication on LAPTOP-F3ASUVG2 with PID 19568 (started by asus in D:\idea projects\communityspring)
2019-08-04 08:28:44.197  INFO 19568 --- [main] l.m.community.CommunityApplication       : No active profile set, falling back to default profiles: default
2019-08-04 08:28:45.285  INFO 19568 --- [main] o.s.b.w.embedded.tomcat.TomcatWebServer  : Tomcat initialized with port(s): 8887 (http)
2019-08-04 08:28:45.310  INFO 19568 --- [main] o.apache.catalina.core.StandardService   : Starting service [Tomcat]
2019-08-04 08:28:45.311  INFO 19568 --- [main] org.apache.catalina.core.StandardEngine  : Starting Servlet engine: [Apache Tomcat/9.0.21]
2019-08-04 08:28:45.378  INFO 19568 --- [main] o.a.c.c.C.[Tomcat].[localhost].[/]       : Initializing Spring embedded WebApplicationContext
2019-08-04 08:28:45.378  INFO 19568 --- [main] o.s.web.context.ContextLoader            : Root WebApplicationContext: initialization completed in 1155 ms
2019-08-04 08:28:45.495  INFO 19568 --- [main] o.s.s.concurrent.ThreadPoolTaskExecutor  : Initializing ExecutorService 'applicationTaskExecutor'
2019-08-04 08:28:45.564  INFO 19568 --- [main] o.s.b.a.w.s.WelcomePageHandlerMapping    : Adding welcome page template: index
2019-08-04 08:28:45.615  INFO 19568 --- [main] o.s.b.w.embedded.tomcat.TomcatWebServer  : Tomcat started on port(s): 8887 (http) with context path ''
2019-08-04 08:28:45.617  INFO 19568 --- [main] l.m.community.CommunityApplication       : Started CommunityApplication in 1.679 seconds (JVM running for 2.033)
2019-08-04 08:28:52.905  INFO 19568 --- [http-nio-8887-exec-1] o.a.c.c.C.[Tomcat].[localhost].[/]       : Initializing Spring DispatcherServlet 'dispatcherServlet'
2019-08-04 08:28:52.905  INFO 19568 --- [http-nio-8887-exec-1] o.s.web.servlet.DispatcherServlet        : Initializing Servlet 'dispatcherServlet'
2019-08-04 08:28:52.912  INFO 19568 --- [http-nio-8887-exec-1] o.s.web.servlet.DispatcherServlet        : Completed initialization in 7 ms
2019-08-04 08:29:43.237  INFO 11444 --- [main] l.m.community.CommunityApplication       : Starting CommunityApplication on LAPTOP-F3ASUVG2 with PID 11444 (started by asus in D:\idea projects\communityspring)
2019-08-04 08:29:43.239  INFO 11444 --- [main] l.m.community.CommunityApplication       : No active profile set, falling back to default profiles: default
2019-08-04 08:29:44.176  INFO 11444 --- [main] o.s.b.w.embedded.tomcat.TomcatWebServer  : Tomcat initialized with port(s): 8887 (http)
2019-08-04 08:29:44.191  INFO 11444 --- [main] o.apache.catalina.core.StandardService   : Starting service [Tomcat]
2019-08-04 08:29:44.192  INFO 11444 --- [main] org.apache.catalina.core.StandardEngine  : Starting Servlet engine: [Apache Tomcat/9.0.21]
2019-08-04 08:29:44.255  INFO 11444 --- [main] o.a.c.c.C.[Tomcat].[localhost].[/]       : Initializing Spring embedded WebApplicationContext
2019-08-04 08:29:44.255  INFO 11444 --- [main] o.s.web.context.ContextLoader            : Root WebApplicationContext: initialization completed in 995 ms
2019-08-04 08:29:44.373  INFO 11444 --- [main] o.s.s.concurrent.ThreadPoolTaskExecutor  : Initializing ExecutorService 'applicationTaskExecutor'
2019-08-04 08:29:44.444  INFO 11444 --- [main] o.s.b.a.w.s.WelcomePageHandlerMapping    : Adding welcome page template: index
2019-08-04 08:29:44.497  INFO 11444 --- [main] o.s.b.w.embedded.tomcat.TomcatWebServer  : Tomcat started on port(s): 8887 (http) with context path ''
2019-08-04 08:29:44.499  INFO 11444 --- [main] l.m.community.CommunityApplication       : Started CommunityApplication in 1.496 seconds (JVM running for 1.813)
2019-08-04 08:29:50.785  INFO 11444 --- [http-nio-8887-exec-1] o.a.c.c.C.[Tomcat].[localhost].[/]       : Initializing Spring DispatcherServlet 'dispatcherServlet'
2019-08-04 08:29:50.786  INFO 11444 --- [http-nio-8887-exec-1] o.s.web.servlet.DispatcherServlet        : Initializing Servlet 'dispatcherServlet'
2019-08-04 08:29:50.791  INFO 11444 --- [http-nio-8887-exec-1] o.s.web.servlet.DispatcherServlet        : Completed initialization in 5 ms
2019-08-04 08:32:34.561  INFO 12816 --- [main] l.m.community.CommunityApplication       : Starting CommunityApplication on LAPTOP-F3ASUVG2 with PID 12816 (started by asus in D:\idea projects\communityspring)
2019-08-04 08:32:34.563  INFO 12816 --- [main] l.m.community.CommunityApplication       : No active profile set, falling back to default profiles: default
2019-08-04 08:32:35.494  INFO 12816 --- [main] o.s.b.w.embedded.tomcat.TomcatWebServer  : Tomcat initialized with port(s): 8887 (http)
2019-08-04 08:32:35.508  INFO 12816 --- [main] o.apache.catalina.core.StandardService   : Starting service [Tomcat]
2019-08-04 08:32:35.508  INFO 12816 --- [main] org.apache.catalina.core.StandardEngine  : Starting Servlet engine: [Apache Tomcat/9.0.21]
2019-08-04 08:32:35.571  INFO 12816 --- [main] o.a.c.c.C.[Tomcat].[localhost].[/]       : Initializing Spring embedded WebApplicationContext
2019-08-04 08:32:35.572  INFO 12816 --- [main] o.s.web.context.ContextLoader            : Root WebApplicationContext: initialization completed in 986 ms
2019-08-04 08:32:35.684  INFO 12816 --- [main] o.s.s.concurrent.ThreadPoolTaskExecutor  : Initializing ExecutorService 'applicationTaskExecutor'
2019-08-04 08:32:35.753  INFO 12816 --- [main] o.s.b.a.w.s.WelcomePageHandlerMapping    : Adding welcome page template: index
2019-08-04 08:32:35.806  INFO 12816 --- [main] o.s.b.w.embedded.tomcat.TomcatWebServer  : Tomcat started on port(s): 8887 (http) with context path ''
2019-08-04 08:32:35.808  INFO 12816 --- [main] l.m.community.CommunityApplication       : Started CommunityApplication in 1.496 seconds (JVM running for 1.787)
2019-08-04 08:32:47.870  INFO 12816 --- [http-nio-8887-exec-1] o.a.c.c.C.[Tomcat].[localhost].[/]       : Initializing Spring DispatcherServlet 'dispatcherServlet'
2019-08-04 08:32:47.871  INFO 12816 --- [http-nio-8887-exec-1] o.s.web.servlet.DispatcherServlet        : Initializing Servlet 'dispatcherServlet'
2019-08-04 08:32:47.875  INFO 12816 --- [http-nio-8887-exec-1] o.s.web.servlet.DispatcherServlet        : Completed initialization in 3 ms
